<?xml version="1.0" encoding="UTF-8"?>
<testng-results skipped="0" failed="0" ignored="0" total="1" passed="1">
  <reporter-output>
  </reporter-output>
  <suite name="Default suite" duration-ms="4648" started-at="2020-09-03T10:29:12 IST" finished-at="2020-09-03T10:29:17 IST">
    <groups>
    </groups>
    <test name="Default test" duration-ms="4648" started-at="2020-09-03T10:29:12 IST" finished-at="2020-09-03T10:29:17 IST">
      <class name="QA.Automation.Testcase1">
        <test-method status="PASS" signature="test()[pri:0, instance:QA.Automation.Testcase1@59906517]" name="test" duration-ms="4623" started-at="2020-09-03T10:29:12 IST" finished-at="2020-09-03T10:29:17 IST">
          <reporter-output>
          </reporter-output>
        </test-method> <!-- test -->
      </class> <!-- QA.Automation.Testcase1 -->
    </test> <!-- Default test -->
  </suite> <!-- Default suite -->
</testng-results>
