<?xml version="1.0" encoding="UTF-8" ?>
<testsuite tests="1" failures="1" name="QA.Automation.Testcase1" time="4.126" errors="0" skipped="0">
  <properties>
[...]
</properties>
  <testcase classname="QA.Automation.Testcase1" name="test" time="4.126">
    <failure message="1 expectation failed.
Expected status code &lt;200&gt; but was &lt;477&gt;.
" type="java.lang.AssertionError">java.lang.AssertionError: 1 expectation failed.
Expected status code &lt;200&gt; but was &lt;477&gt;.

	at sun.reflect.NativeConstructorAccessorImpl.newInstance0(Native Method)
	at sun.reflect.NativeConstructorAccessorImpl.newInstance(NativeConstructorAccessorImpl.java:62)
	at sun.reflect.DelegatingConstructorAccessorImpl.newInstance(DelegatingConstructorAccessorImpl.java:45)
	at java.lang.reflect.Constructor.newInstance(Constructor.java:423)
	at org.codehaus.groovy.reflection.CachedConstructor.invoke(CachedConstructor.java:83)
	at org.codehaus.groovy.reflection.CachedConstructor.doConstructorInvoke(CachedConstructor.java:77)
	at org.codehaus.groovy.runtime.callsite.ConstructorSite$ConstructorSiteNoUnwrap.callConstructor(ConstructorSite.java:84)
	at org.codehaus.groovy.runtime.callsite.CallSiteArray.defaultCallConstructor(CallSiteArray.java:59)
	at org.codehaus.groovy.runtime.callsite.AbstractCallSite.callConstructor(AbstractCallSite.java:238)
	at org.codehaus.groovy.runtime.callsite.AbstractCallSite.callConstructor(AbstractCallSite.java:250)
	at io.restassured.internal.ResponseSpecificationImpl$HamcrestAssertionClosure.validate(ResponseSpecificationImpl.groovy:494)
	at io.restassured.internal.ResponseSpecificationImpl$HamcrestAssertionClosure$validate$1.call(Unknown Source)
	at io.restassured.internal.ResponseSpecificationImpl.validateResponseIfRequired(ResponseSpecificationImpl.groovy:656)
	at sun.reflect.NativeMethodAccessorImpl.invoke0(Native Method)
	at sun.reflect.NativeMethodAccessorImpl.invoke(NativeMethodAccessorImpl.java:62)
	at sun.reflect.DelegatingMethodAccessorImpl.invoke(DelegatingMethodAccessorImpl.java:43)
	at java.lang.reflect.Method.invoke(Method.java:498)
	at org.codehaus.groovy.runtime.callsite.PogoMetaMethodSite$PogoCachedMethodSiteNoUnwrapNoCoerce.invoke(PogoMetaMethodSite.java:210)
	at org.codehaus.groovy.runtime.callsite.PogoMetaMethodSite.callCurrent(PogoMetaMethodSite.java:59)
	at org.codehaus.groovy.runtime.callsite.AbstractCallSite.callCurrent(AbstractCallSite.java:169)
	at io.restassured.internal.ResponseSpecificationImpl.statusCode(ResponseSpecificationImpl.groovy:125)
	at io.restassured.specification.ResponseSpecification$statusCode$0.callCurrent(Unknown Source)
	at io.restassured.internal.ResponseSpecificationImpl.statusCode(ResponseSpecificationImpl.groovy:133)
	at io.restassured.internal.ValidatableResponseOptionsImpl.statusCode(ValidatableResponseOptionsImpl.java:119)
	at Functions.API_NewFucntions.BuildProfile(API_NewFucntions.java:31)
	at QA.Automation.Testcase1.test(Testcase1.java:36)
</failure>
    <system-out>Configuring TestNG with: org.apache.maven.surefire.testng.conf.TestNG652Configurator@23223dd8
Request method:	POST
Request URI:	https://dev.moneytap.com/oauth/token
Proxy:			&lt;none&gt;
Request params:	grant_type=client_credentials
Query params:	&lt;none&gt;
Form params:	&lt;none&gt;
Path params:	&lt;none&gt;
Headers:		Authorization=Basic ZmluYW5jZS1idWRkaGE6Q3VhWmxTNFlTV1JFQzZoZWg0c2xmRFpWR1cwVXg1SHE=
				Accept=application/json
				Content-Type=application/x-www-form-urlencoded; charset=ISO-8859-1
Cookies:		&lt;none&gt;
Multiparts:		&lt;none&gt;
Body:			&lt;none&gt;
{&quot;access_token&quot;:&quot;73cbe686-7eaa-42ea-9f70-8893f863d1b9&quot;,&quot;token_type&quot;:&quot;bearer&quot;,&quot;expires_in&quot;:82046,&quot;scope&quot;:&quot;read write&quot;}
73cbe686-7eaa-42ea-9f70-8893f863d1b9
Request method:	POST
Request URI:	https://dev.moneytap.com/v3/partner/buildprofile
Proxy:			&lt;none&gt;
Request params:	&lt;none&gt;
Query params:	&lt;none&gt;
Form params:	&lt;none&gt;
Path params:	&lt;none&gt;
Headers:		Accept=application/json
				Authorization=Bearer 73cbe686-7eaa-42ea-9f70-8893f863d1b9
				Content-Type=application/json; charset=UTF-8
Cookies:		&lt;none&gt;
Multiparts:		&lt;none&gt;
Body:
{
    &quot;name&quot;: &quot;Trail PREM&quot;,
    &quot;phone&quot;: &quot;9098087070&quot;,
    &quot;emailId&quot;: &quot;prakash.hacker@gmail.com&quot;,
    &quot;officeEmail&quot;: &quot;abcbacbac@abc.com&quot;,
    &quot;designation&quot;: &quot;QA&quot;,
    &quot;companyName&quot;: &quot;Microsoft&quot;,
    &quot;panNumber&quot;: &quot;BXTPP9886M&quot;,
    &quot;dateOfBirth&quot;: &quot;1964-08-23&quot;,
    &quot;companyType&quot;: &quot;PUBLIC_LIMITED&quot;,
    &quot;jobType&quot;: &quot;SALARIED&quot;,
    &quot;gender&quot;: &quot;MALE&quot;,
    &quot;creditProfileModel&quot;: {
        &quot;hasCreditCard&quot;: &quot;YES&quot;,
        &quot;hasLoan&quot;: &quot;NO&quot;
    },
    &quot;homeAddress&quot;: {
        &quot;addressLine1 &quot;: &quot;Ujvala, 20 Main&quot;,
        &quot;city&quot;: &quot;Bangalore&quot;,
        &quot;state&quot;: &quot;Karnataka&quot;,
        &quot;pincode&quot;: &quot;560066&quot;
    },
    &quot;residenceType&quot;: &quot;OWNED_BY_SELF_SPOUSE&quot;,
    &quot;totalWorkExperienceInMonths&quot;: 4,
    &quot;currentCityDurationInMonths&quot;: 84,
    &quot;currentHomeAddressDurationInMonths&quot;: 84,
    &quot;maritalStatus&quot;: &quot;MARRIED&quot;,
    &quot;employmentType&quot;: &quot;FULL_TIME&quot;,
    &quot;documentCollector&quot;: &quot;money-tap&quot;,
    &quot;incomeInfo&quot;: {
        &quot;declared&quot;: 32999,
        &quot;mode&quot;: &quot;NETBANKING&quot;,
        &quot;bankIfscPrefixes&quot;: [
            &quot;ABHY&quot;
        ]
    }
}
</system-out>
  </testcase>
</testsuite>