<?xml version="1.0" encoding="UTF-8"?>
<testng-results skipped="0" failed="0" ignored="0" total="0" passed="0">
  <reporter-output>
  </reporter-output>
  <suite name="QA.Automation.AppTest" duration-ms="5" started-at="2020-09-01T19:16:32 IST" finished-at="2020-09-01T19:16:32 IST">
    <groups>
    </groups>
    <test name="Command line test" duration-ms="5" started-at="2020-09-01T19:16:32 IST" finished-at="2020-09-01T19:16:32 IST">
    </test> <!-- Command line test -->
  </suite> <!-- QA.Automation.AppTest -->
</testng-results>
